This is e-pTeX, Version 3.141592653-p4.0.0-220214-2.6 (utf8.sjis) (TeX Live 2022) (preloaded format=platex 2022.12.8)  8 DEC 2022 22:59
entering extended mode
 restricted \write18 enabled.
 %&-line parsing enabled.
**0-abstract.tex
(./0-abstract.tex
pLaTeX2e <2021-11-15> (based on LaTeX2e <2022-11-01> patch level 1)
L3 programming layer <2022-11-02>
! Undefined control sequence.
l.1 \abstract
             
? 
! Emergency stop.
l.1 
    
End of file on the terminal!

 
Here is how much of TeX's memory you used:
 17 strings out of 475427
 341 string characters out of 5791344
 348573 words of memory out of 5000000
 21848 multiletter control sequences out of 15000+600000
 473130 words of font info for 45 fonts, out of 8000000 for 9000
 929 hyphenation exceptions out of 8191
 15i,0n,23p,58b,18s stack positions out of 10000i,1000n,20000p,200000b,200000s
No pages of output.
